[handleMsg]:  {
  key: {
    remoteJid: '573234257398@s.whatsapp.net',
    fromMe: false,
    id: '55E2B107F24DD2FB2DFD6F10404DD75A',
    participant: undefined
  },
  messageTimestamp: 1715040561,
  pushName: 'Anthony',
  broadcast: false,
  message: Message {
    conversation: 'Hola buenas tardes. Tienen servicio el día de hoy?',
    messageContextInfo: MessageContextInfo {
      deviceListMetadata: [DeviceListMetadata],
      deviceListMetadataVersion: 2
    }
  },
  body: 'Hola buenas tardes. Tienen servicio el día de hoy?',
  from: '573234257398'
}
[QUEUE_SE_ENVIO]:  {
  ref: 'ans_80268118-5a2b-40f6-b09d-a51f1c63c953',
  keyword: 'key_20f79996-5579-4913-99ed-830f73510355',
  answer: 'Hola Bienvenido a tu restaurante 😋',
  options: {
    media: 'https://www.sus-medicos.com/_next/image?url=%2F_next%2Fstatic%2Fmedia%2FmenuRestaurante.2e9ef668.png&w=1080&q=75',
    buttons: [],
    capture: false,
    child: null,
    delay: 0,
    idle: null,
    ref: null,
    nested: [],
    keyword: {},
    callback: false
  },
  refSerialize: '4e86d97f8df321af4b48292487e7489a'
}
[QUEUE_SE_ENVIO]:  {
  ref: 'ans_60fea3b6-2d8a-4a7d-84a1-ee0d63f0b108',
  keyword: 'ans_80268118-5a2b-40f6-b09d-a51f1c63c953',
  answer: 'En que te podemos ayudar?',
  options: {
    media: null,
    buttons: [],
    capture: true,
    child: null,
    delay: 0,
    idle: null,
    ref: null,
    nested: [],
    keyword: {},
    callback: true
  },
  refSerialize: '3781f0b15a4ae3e1eb44ed9d61915114'
}
[handleMsg]:  {
  key: {
    remoteJid: '573234257398@s.whatsapp.net',
    fromMe: false,
    id: 'E5A207A2DF37BF3DBB1D85CA286AC87F',
    participant: undefined
  },
  messageTimestamp: 1715040579,
  pushName: 'Anthony',
  broadcast: false,
  message: Message {
    conversation: 'Tienen servicio el día de hoy?',
    messageContextInfo: MessageContextInfo {
      deviceListMetadata: [DeviceListMetadata],
      deviceListMetadataVersion: 2
    }
  },
  body: 'Tienen servicio el día de hoy?',
  from: '573234257398'
}
